2025-08-23T10:33:52.985+05:30  INFO 23140 --- [StayGo-BackEnd] [main] l.i.g.s.StayGoBackEndApplication         : Starting StayGoBackEndApplication using Java 21.0.8 with PID 23140 (D:\Campus IJSE\StayGo-OnlineBookingSystem\StayGo-BackEnd\target\classes started by chathuranga in D:\Campus IJSE\StayGo-OnlineBookingSystem)
2025-08-23T10:33:52.990+05:30  INFO 23140 --- [StayGo-BackEnd] [main] l.i.g.s.StayGoBackEndApplication         : No active profile set, falling back to 1 default profile: "default"
2025-08-23T10:33:54.025+05:30  INFO 23140 --- [StayGo-BackEnd] [main] .s.d.r.c.RepositoryConfigurationDelegate : Bootstrapping Spring Data JPA repositories in DEFAULT mode.
2025-08-23T10:33:54.088+05:30  INFO 23140 --- [StayGo-BackEnd] [main] .s.d.r.c.RepositoryConfigurationDelegate : Finished Spring Data repository scanning in 52 ms. Found 2 JPA repository interfaces.
2025-08-23T10:33:54.609+05:30  INFO 23140 --- [StayGo-BackEnd] [main] o.s.b.w.embedded.tomcat.TomcatWebServer  : Tomcat initialized with port 8080 (http)
2025-08-23T10:33:54.620+05:30  INFO 23140 --- [StayGo-BackEnd] [main] o.apache.catalina.core.StandardService   : Starting service [Tomcat]
2025-08-23T10:33:54.621+05:30  INFO 23140 --- [StayGo-BackEnd] [main] o.apache.catalina.core.StandardEngine    : Starting Servlet engine: [Apache Tomcat/10.1.44]
2025-08-23T10:33:54.663+05:30  INFO 23140 --- [StayGo-BackEnd] [main] o.a.c.c.C.[Tomcat].[localhost].[/]       : Initializing Spring embedded WebApplicationContext
2025-08-23T10:33:54.663+05:30  INFO 23140 --- [StayGo-BackEnd] [main] w.s.c.ServletWebServerApplicationContext : Root WebApplicationContext: initialization completed in 1626 ms
2025-08-23T10:33:54.787+05:30  INFO 23140 --- [StayGo-BackEnd] [main] o.hibernate.jpa.internal.util.LogHelper  : HHH000204: Processing PersistenceUnitInfo [name: default]
2025-08-23T10:33:54.859+05:30  INFO 23140 --- [StayGo-BackEnd] [main] org.hibernate.Version                    : HHH000412: Hibernate ORM core version 6.6.26.Final
2025-08-23T10:33:54.907+05:30  INFO 23140 --- [StayGo-BackEnd] [main] o.h.c.internal.RegionFactoryInitiator    : HHH000026: Second-level cache disabled
2025-08-23T10:33:55.187+05:30  INFO 23140 --- [StayGo-BackEnd] [main] o.s.o.j.p.SpringPersistenceUnitInfo      : No LoadTimeWeaver setup: ignoring JPA class transformer
2025-08-23T10:33:55.211+05:30  INFO 23140 --- [StayGo-BackEnd] [main] com.zaxxer.hikari.HikariDataSource       : HikariPool-1 - Starting...
2025-08-23T10:33:55.675+05:30  INFO 23140 --- [StayGo-BackEnd] [main] com.zaxxer.hikari.pool.HikariPool        : HikariPool-1 - Added connection com.mysql.cj.jdbc.ConnectionImpl@6ed691fd
2025-08-23T10:33:55.677+05:30  INFO 23140 --- [StayGo-BackEnd] [main] com.zaxxer.hikari.HikariDataSource       : HikariPool-1 - Start completed.
2025-08-23T10:33:55.751+05:30  WARN 23140 --- [StayGo-BackEnd] [main] org.hibernate.orm.deprecation            : HHH90000025: MySQLDialect does not need to be specified explicitly using 'hibernate.dialect' (remove the property setting and it will be selected by default)
2025-08-23T10:33:55.764+05:30  INFO 23140 --- [StayGo-BackEnd] [main] org.hibernate.orm.connections.pooling    : HHH10001005: Database info:
	Database JDBC URL [Connecting through datasource 'HikariDataSource (HikariPool-1)']
	Database driver: undefined/unknown
	Database version: 8.0.39
	Autocommit mode: undefined/unknown
	Isolation level: undefined/unknown
	Minimum pool size: undefined/unknown
	Maximum pool size: undefined/unknown
2025-08-23T10:33:56.632+05:30  INFO 23140 --- [StayGo-BackEnd] [main] o.h.e.t.j.p.i.JtaPlatformInitiator       : HHH000489: No JTA platform available (set 'hibernate.transaction.jta.platform' to enable JTA platform integration)
2025-08-23T10:33:56.958+05:30  INFO 23140 --- [StayGo-BackEnd] [main] j.LocalContainerEntityManagerFactoryBean : Initialized JPA EntityManagerFactory for persistence unit 'default'
2025-08-23T10:33:57.348+05:30  WARN 23140 --- [StayGo-BackEnd] [main] JpaBaseConfiguration$JpaWebConfiguration : spring.jpa.open-in-view is enabled by default. Therefore, database queries may be performed during view rendering. Explicitly configure spring.jpa.open-in-view to disable this warning
2025-08-23T10:33:57.381+05:30  INFO 23140 --- [StayGo-BackEnd] [main] eAuthenticationProviderManagerConfigurer : Global AuthenticationManager configured with AuthenticationProvider bean with name authenticationProvider
2025-08-23T10:33:57.382+05:30  WARN 23140 --- [StayGo-BackEnd] [main] r$InitializeUserDetailsManagerConfigurer : Global AuthenticationManager configured with an AuthenticationProvider bean. UserDetailsService beans will not be used by Spring Security for automatically configuring username/password login. Consider removing the AuthenticationProvider bean. Alternatively, consider using the UserDetailsService in a manually instantiated DaoAuthenticationProvider. If the current configuration is intentional, to turn off this warning, increase the logging level of 'org.springframework.security.config.annotation.authentication.configuration.InitializeUserDetailsBeanManagerConfigurer' to ERROR
2025-08-23T10:33:57.518+05:30 DEBUG 23140 --- [StayGo-BackEnd] [main] s.w.s.m.m.a.RequestMappingHandlerMapping : 8 mappings in 'requestMappingHandlerMapping'
2025-08-23T10:33:57.605+05:30 DEBUG 23140 --- [StayGo-BackEnd] [main] o.s.w.s.handler.SimpleUrlHandlerMapping  : Patterns [/webjars/**, /**, /uploads/**] in 'resourceHandlerMapping'
2025-08-23T10:33:57.677+05:30 DEBUG 23140 --- [StayGo-BackEnd] [main] s.w.s.m.m.a.RequestMappingHandlerAdapter : ControllerAdvice beans: 0 @ModelAttribute, 0 @InitBinder, 1 RequestBodyAdvice, 1 ResponseBodyAdvice
2025-08-23T10:33:57.717+05:30 DEBUG 23140 --- [StayGo-BackEnd] [main] .m.m.a.ExceptionHandlerExceptionResolver : ControllerAdvice beans: 1 @ExceptionHandler, 1 ResponseBodyAdvice
2025-08-23T10:33:57.879+05:30  INFO 23140 --- [StayGo-BackEnd] [main] o.s.b.w.embedded.tomcat.TomcatWebServer  : Tomcat started on port 8080 (http) with context path '/'
2025-08-23T10:33:57.884+05:30  INFO 23140 --- [StayGo-BackEnd] [main] l.i.g.s.StayGoBackEndApplication         : Started StayGoBackEndApplication in 5.469 seconds (process running for 7.001)
2025-08-23T10:34:33.190+05:30  INFO 23140 --- [StayGo-BackEnd] [http-nio-8080-exec-1] o.a.c.c.C.[Tomcat].[localhost].[/]       : Initializing Spring DispatcherServlet 'dispatcherServlet'
2025-08-23T10:34:33.197+05:30  INFO 23140 --- [StayGo-BackEnd] [http-nio-8080-exec-1] o.s.web.servlet.DispatcherServlet        : Initializing Servlet 'dispatcherServlet'
2025-08-23T10:34:33.200+05:30 DEBUG 23140 --- [StayGo-BackEnd] [http-nio-8080-exec-1] o.s.web.servlet.DispatcherServlet        : Detected StandardServletMultipartResolver
2025-08-23T10:34:33.201+05:30 DEBUG 23140 --- [StayGo-BackEnd] [http-nio-8080-exec-1] o.s.web.servlet.DispatcherServlet        : Detected AcceptHeaderLocaleResolver
2025-08-23T10:34:33.202+05:30 DEBUG 23140 --- [StayGo-BackEnd] [http-nio-8080-exec-1] o.s.web.servlet.DispatcherServlet        : Detected FixedThemeResolver
2025-08-23T10:34:33.220+05:30 DEBUG 23140 --- [StayGo-BackEnd] [http-nio-8080-exec-1] o.s.web.servlet.DispatcherServlet        : Detected org.springframework.web.servlet.view.DefaultRequestToViewNameTranslator@611ffa8d
2025-08-23T10:34:33.222+05:30 DEBUG 23140 --- [StayGo-BackEnd] [http-nio-8080-exec-1] o.s.web.servlet.DispatcherServlet        : Detected org.springframework.web.servlet.support.SessionFlashMapManager@69e58566
2025-08-23T10:34:33.223+05:30 DEBUG 23140 --- [StayGo-BackEnd] [http-nio-8080-exec-1] o.s.web.servlet.DispatcherServlet        : enableLoggingRequestDetails='false': request parameters and headers will be masked to prevent unsafe logging of potentially sensitive data
2025-08-23T10:34:33.224+05:30  INFO 23140 --- [StayGo-BackEnd] [http-nio-8080-exec-1] o.s.web.servlet.DispatcherServlet        : Completed initialization in 26 ms
2025-08-23T10:34:33.327+05:30 DEBUG 23140 --- [StayGo-BackEnd] [http-nio-8080-exec-3] o.s.web.servlet.DispatcherServlet        : POST "/api/v1/auth/login", parameters={}
2025-08-23T10:34:33.330+05:30 DEBUG 23140 --- [StayGo-BackEnd] [http-nio-8080-exec-3] s.w.s.m.m.a.RequestMappingHandlerMapping : Mapped to lk.ijse.gdse72.staygobackend.controller.AuthController#login(AuthDTO)
2025-08-23T10:34:33.446+05:30 DEBUG 23140 --- [StayGo-BackEnd] [http-nio-8080-exec-3] m.m.a.RequestResponseBodyMethodProcessor : Read "application/json;charset=UTF-8" to [AuthDTO(username=Dilmi, password=1234)]
2025-08-23T10:34:34.014+05:30 DEBUG 23140 --- [StayGo-BackEnd] [http-nio-8080-exec-3] o.s.w.s.m.m.a.HttpEntityMethodProcessor  : Using 'application/json', given [*/*] and supported [application/json, application/*+json]
2025-08-23T10:34:34.016+05:30 DEBUG 23140 --- [StayGo-BackEnd] [http-nio-8080-exec-3] o.s.w.s.m.m.a.HttpEntityMethodProcessor  : Writing [ApiResponse(code=200, status=OK, data=AuthResponseDTO(accessToken=eyJhbGciOiJIUzI1NiJ9.eyJzdWIiOiJEa (truncated)...]
2025-08-23T10:34:34.029+05:30 DEBUG 23140 --- [StayGo-BackEnd] [http-nio-8080-exec-3] o.s.web.servlet.DispatcherServlet        : Completed 200 OK
